<?xml version="1.0" encoding="UTF-8"?>
<testng-results ignored="0" total="3" passed="3" failed="0" skipped="0">
  <reporter-output>
  </reporter-output>
  <suite started-at="2026-01-29T20:43:03 IST" name=" Automation Suite" finished-at="2026-01-29T20:43:29 IST" duration-ms="26520">
    <groups>
    </groups>
    <test started-at="2026-01-29T20:43:03 IST" name="Login_Tests" finished-at="2026-01-29T20:43:10 IST" duration-ms="7049">
      <class name="LoginTest">
        <test-method is-config="true" signature="setUp()[pri:0, instance:LoginTest@7586beff]" started-at="2026-01-29T20:43:03 IST" name="setUp" finished-at="2026-01-29T20:43:07 IST" duration-ms="4449" status="PASS">
          <reporter-output>
          </reporter-output>
        </test-method> <!-- setUp -->
        <test-method signature="testValidLogin()[pri:1, instance:LoginTest@7586beff]" started-at="2026-01-29T20:43:07 IST" name="testValidLogin" finished-at="2026-01-29T20:43:10 IST" duration-ms="2324" status="PASS">
          <reporter-output>
          </reporter-output>
        </test-method> <!-- testValidLogin -->
        <test-method is-config="true" signature="tearDown()[pri:0, instance:LoginTest@7586beff]" started-at="2026-01-29T20:43:10 IST" name="tearDown" finished-at="2026-01-29T20:43:10 IST" duration-ms="232" status="PASS">
          <reporter-output>
          </reporter-output>
        </test-method> <!-- tearDown -->
      </class> <!-- LoginTest -->
    </test> <!-- Login_Tests -->
    <test started-at="2026-01-29T20:43:10 IST" name="Question_Repo_Tests" finished-at="2026-01-29T20:43:25 IST" duration-ms="15328">
      <class name="QuestionRepoTest">
        <test-method is-config="true" signature="setUp()[pri:0, instance:QuestionRepoTest@4961f6af]" started-at="2026-01-29T20:43:10 IST" name="setUp" finished-at="2026-01-29T20:43:13 IST" duration-ms="3333" status="PASS">
          <reporter-output>
          </reporter-output>
        </test-method> <!-- setUp -->
        <test-method signature="testQuestionUploadAndDelete()[pri:2, instance:QuestionRepoTest@4961f6af]" started-at="2026-01-29T20:43:13 IST" name="testQuestionUploadAndDelete" finished-at="2026-01-29T20:43:25 IST" duration-ms="11742" status="PASS">
          <reporter-output>
          </reporter-output>
        </test-method> <!-- testQuestionUploadAndDelete -->
        <test-method is-config="true" signature="tearDown()[pri:0, instance:QuestionRepoTest@4961f6af]" started-at="2026-01-29T20:43:25 IST" name="tearDown" finished-at="2026-01-29T20:43:25 IST" duration-ms="249" status="PASS">
          <reporter-output>
          </reporter-output>
        </test-method> <!-- tearDown -->
      </class> <!-- QuestionRepoTest -->
    </test> <!-- Question_Repo_Tests -->
    <test started-at="2026-01-29T20:43:25 IST" name="Student_Management_Tests" finished-at="2026-01-29T20:43:29 IST" duration-ms="4110">
      <class name="ManageStudentTest">
        <test-method is-config="true" signature="setUp()[pri:0, instance:ManageStudentTest@75db5df9]" started-at="2026-01-29T20:43:25 IST" name="setUp" finished-at="2026-01-29T20:43:28 IST" duration-ms="3124" status="PASS">
          <reporter-output>
          </reporter-output>
        </test-method> <!-- setUp -->
        <test-method signature="testStudentUpload()[pri:3, instance:ManageStudentTest@75db5df9]" started-at="2026-01-29T20:43:28 IST" name="testStudentUpload" finished-at="2026-01-29T20:43:29 IST" duration-ms="809" status="PASS">
          <reporter-output>
          </reporter-output>
        </test-method> <!-- testStudentUpload -->
        <test-method is-config="true" signature="tearDown()[pri:0, instance:ManageStudentTest@75db5df9]" started-at="2026-01-29T20:43:29 IST" name="tearDown" finished-at="2026-01-29T20:43:29 IST" duration-ms="173" status="PASS">
          <reporter-output>
          </reporter-output>
        </test-method> <!-- tearDown -->
      </class> <!-- ManageStudentTest -->
    </test> <!-- Student_Management_Tests -->
  </suite> <!--  Automation Suite -->
</testng-results>
